<?xml version="1.0" encoding="UTF-8"?>
<testsuite xmlns:xsi="http://www.w3.org/2001/XMLSchema-instance" xsi:noNamespaceSchemaLocation="https://maven.apache.org/surefire/maven-surefire-plugin/xsd/surefire-test-report.xsd" name="TestSuite" time="24.875" tests="2" errors="0" skipped="1" failures="1">
  <properties>
[...]
</properties>
  <testcase name="AppiumTest" classname="TestCases.LoginTest" time="23.706">
    <failure message="Could not start a new session. Response code 404. Message: The session identified by a6c858a6-cee7-47cd-8a99-0b7dd358f668 is not known &#10;Host info: host: &apos;DESKTOP-S5MMF0I&apos;, ip: &apos;172.21.80.1&apos;&#10;Build info: version: &apos;4.8.3&apos;, revision: &apos;e5e76298c3&apos;&#10;System info: os.name: &apos;Windows 10&apos;, os.arch: &apos;amd64&apos;, os.version: &apos;10.0&apos;, java.version: &apos;18.0.2.1&apos;&#10;Driver info: io.appium.java_client.android.AndroidDriver&#10;Command: [null, newSession {capabilities=[{browserName=Chrome, appium:chromedriverExecutable=C:\Users\RESHMA\indusind1\IndusMobile\src\test\java\drivers\chromedriver.exe, appium:deviceName=SM M015G, platformName=ANDROID, appium:automationName=UIAutomator2}], desiredCapabilities=Capabilities {appium:automationName: UIAutomator2, appium:chromedriverExecutable: C:\Users\RESHMA\indusind1\I..., appium:deviceName: SM M015G, browserName: Chrome, platformName: ANDROID}}]&#10;Capabilities {appium:automationName: UIAutomator2, appium:chromedriverExecutable: C:\Users\RESHMA\indusind1\I..., appium:deviceName: SM M015G, browserName: Chrome, platformName: ANDROID}" type="org.openqa.selenium.SessionNotCreatedException">org.openqa.selenium.SessionNotCreatedException: 
Could not start a new session. Response code 404. Message: The session identified by a6c858a6-cee7-47cd-8a99-0b7dd358f668 is not known 
Host info: host: 'DESKTOP-S5MMF0I', ip: '172.21.80.1'
Build info: version: '4.8.3', revision: 'e5e76298c3'
System info: os.name: 'Windows 10', os.arch: 'amd64', os.version: '10.0', java.version: '18.0.2.1'
Driver info: io.appium.java_client.android.AndroidDriver
Command: [null, newSession {capabilities=[{browserName=Chrome, appium:chromedriverExecutable=C:\Users\RESHMA\indusind1\IndusMobile\src\test\java\drivers\chromedriver.exe, appium:deviceName=SM M015G, platformName=ANDROID, appium:automationName=UIAutomator2}], desiredCapabilities=Capabilities {appium:automationName: UIAutomator2, appium:chromedriverExecutable: C:\Users\RESHMA\indusind1\I..., appium:deviceName: SM M015G, browserName: Chrome, platformName: ANDROID}}]
Capabilities {appium:automationName: UIAutomator2, appium:chromedriverExecutable: C:\Users\RESHMA\indusind1\I..., appium:deviceName: SM M015G, browserName: Chrome, platformName: ANDROID}
</failure>
    <system-err><![CDATA[SLF4J: No SLF4J providers were found.
SLF4J: Defaulting to no-operation (NOP) logger implementation
SLF4J: See https://www.slf4j.org/codes.html#noProviders for further details.
log4j:WARN No appenders could be found for logger (io.netty.util.internal.logging.InternalLoggerFactory).
log4j:WARN Please initialize the log4j system properly.
log4j:WARN See http://logging.apache.org/log4j/1.2/faq.html#noconfig for more info.
]]></system-err>
  </testcase>
  <testcase name="TC01CalculateEMI" classname="TestCases.LoginTest" time="0">
    <skipped message="Could not start a new session. Response code 404. Message: The session identified by a6c858a6-cee7-47cd-8a99-0b7dd358f668 is not known &#10;Host info: host: &apos;DESKTOP-S5MMF0I&apos;, ip: &apos;172.21.80.1&apos;&#10;Build info: version: &apos;4.8.3&apos;, revision: &apos;e5e76298c3&apos;&#10;System info: os.name: &apos;Windows 10&apos;, os.arch: &apos;amd64&apos;, os.version: &apos;10.0&apos;, java.version: &apos;18.0.2.1&apos;&#10;Driver info: io.appium.java_client.android.AndroidDriver&#10;Command: [null, newSession {capabilities=[{browserName=Chrome, appium:chromedriverExecutable=C:\Users\RESHMA\indusind1\IndusMobile\src\test\java\drivers\chromedriver.exe, appium:deviceName=SM M015G, platformName=ANDROID, appium:automationName=UIAutomator2}], desiredCapabilities=Capabilities {appium:automationName: UIAutomator2, appium:chromedriverExecutable: C:\Users\RESHMA\indusind1\I..., appium:deviceName: SM M015G, browserName: Chrome, platformName: ANDROID}}]&#10;Capabilities {appium:automationName: UIAutomator2, appium:chromedriverExecutable: C:\Users\RESHMA\indusind1\I..., appium:deviceName: SM M015G, browserName: Chrome, platformName: ANDROID}"/>
  </testcase>
</testsuite>